<?xml version="1.0" encoding="UTF-8"?>
<!-- Generated by org.testng.reporters.JUnitXMLReporter -->
<testsuite ignored="0" hostname="DESKTOP-13OKNI1" failures="0" tests="5" name="Surefire test" time="23.964" errors="0" timestamp="2022-12-13T00:31:04 MSK">
  <testcase classname="core.MainTest" name="googleSearchByKeywordTest" time="4.783"/>
  <testcase classname="core.MainTest" name="wikiLoginPageTest" time="7.551"/>
  <testcase classname="core.MainTest" name="wikiKeywordPageTest" time="1.086"/>
  <testcase classname="core.MainTest" name="wikiMainPageTest" time="1.477"/>
  <testcase classname="core.MainTest" name="goodArticlePageTest" time="6.838"/>
</testsuite> <!-- Surefire test -->
