<?xml version="1.0" encoding="UTF-8"?>
<!-- Generated by org.testng.reporters.JUnitXMLReporter -->
<testsuite ignored="0" hostname="DESKTOP-13OKNI1" failures="0" tests="5" name="Command line test" time="0.07" errors="0" timestamp="2022-12-13T00:33:45 MSK">
  <testcase classname="core.BaseTest" name="@BeforeTest setUp" time="0.011">
    <failure type="java.lang.NullPointerException">
      <![CDATA[java.lang.NullPointerException
at java.base/java.util.Hashtable.put(Hashtable.java:476)
at core.BaseTest.setUp(BaseTest.java:28)
... Removed 34 stack frames]]>
    </failure>
  </testcase> <!-- @BeforeTest setUp -->
  <testcase classname="core.BaseTest" name="@AfterTest tearDown" time="0.0">
    <skipped/>
  </testcase> <!-- @AfterTest tearDown -->
  <testcase classname="core.MainTest" name="googleSearchByKeywordTest" time="0.0">
    <skipped/>
  </testcase> <!-- googleSearchByKeywordTest -->
  <testcase classname="core.MainTest" name="wikiLoginPageTest" time="0.0">
    <skipped/>
  </testcase> <!-- wikiLoginPageTest -->
  <testcase classname="core.MainTest" name="wikiKeywordPageTest" time="0.0">
    <skipped/>
  </testcase> <!-- wikiKeywordPageTest -->
  <testcase classname="core.MainTest" name="wikiMainPageTest" time="0.0">
    <skipped/>
  </testcase> <!-- wikiMainPageTest -->
  <testcase classname="core.MainTest" name="goodArticlePageTest" time="0.0">
    <skipped/>
  </testcase> <!-- goodArticlePageTest -->
</testsuite> <!-- Command line test -->
